<?xml version="1.0" encoding="UTF-8"?>
<!-- Generated by org.testng.reporters.JUnitReportReporter -->
<testsuite hostname="SammyJ-Lptp" failures="0" tests="1" name="sqlPro" time="1.257" errors="0" timestamp="2020-11-21T00:54:06 EST" skipped="0">
  <testcase classname="sqlPro" name="connect2" time="1.257"/>
  <system-out/>
</testsuite> <!-- sqlPro -->
